CMD: itemfile=Idata.csv: file name verifed.
CMD: theta=0,1: theta moments read:0.000,1.000
CMD: dlog=1: DLOG=1.0000000
CMD: npersons=10000: sample size=10000
CMD: codes=ABCDE: distractor codes=ABCDE
CMD: omit=X: omit code=X
CMD: notreached=N: Unknown command...ignored as comment
CMD: outfile=Onderk42_80Items: Output file stem =Onderk42_80Items
Scaling constant = 1.0000
Abilities are sampled NID: ~(    0.00     ,    0.00)

Item a-Param. b-Param. c-Param.  Omit(p)    NR(p) Answers  N(opt) Codes   Wgt(1)  Wgt(2)  Wgt(3)  Wgt(4)  Wgt(5)
0001    0.205   -2.378    0.000   0.0000   0.0000 00001E        5 ABCDE   0.2500  0.2500  0.2500  0.2500  0.0000
0002    0.206   -1.585    0.000   0.0000   0.0000 00001E        5 ABCDE   0.2500  0.2500  0.2500  0.2500  0.0000
0003    0.334   -1.178    0.000   0.0000   0.0000 00001E        5 ABCDE   0.2500  0.2500  0.2500  0.2500  0.0000
0004    0.088   -1.214    0.000   0.0000   0.0000 10000A        5 ABCDE   0.0000  0.2500  0.2500  0.2500  0.2500
0005    0.467   -0.148    0.000   0.0000   0.0000 00001E        5 ABCDE   0.2500  0.2500  0.2500  0.2500  0.0000
0006    0.400   -0.714    0.000   0.0000   0.0000 00010D        5 ABCDE   0.2500  0.2500  0.2500  0.0000  0.2500
0007    0.121   -0.533    0.000   0.0000   0.0000 00100C        5 ABCDE   0.2500  0.2500  0.0000  0.2500  0.2500
0008    0.482   -1.532    0.000   0.0000   0.0000 00100C        5 ABCDE   0.2500  0.2500  0.0000  0.2500  0.2500
0009    0.203   -0.818    0.000   0.0000   0.0000 10000A        5 ABCDE   0.0000  0.2500  0.2500  0.2500  0.2500
0010    0.397   -0.109    0.000   0.0000   0.0000 01000B        5 ABCDE   0.2500  0.0000  0.2500  0.2500  0.2500
0011    0.117   -0.679    0.000   0.0000   0.0000 00010D        5 ABCDE   0.2500  0.2500  0.2500  0.0000  0.2500
0012    0.473   -2.306    0.000   0.0000   0.0000 10000A        5 ABCDE   0.0000  0.2500  0.2500  0.2500  0.2500
0013    0.165   -0.909    0.000   0.0000   0.0000 10000A        5 ABCDE   0.0000  0.2500  0.2500  0.2500  0.2500
0014    0.175   -1.717    0.000   0.0000   0.0000 10000A        5 ABCDE   0.0000  0.2500  0.2500  0.2500  0.2500
0015    0.159   -0.277    0.000   0.0000   0.0000 01000B        5 ABCDE   0.2500  0.0000  0.2500  0.2500  0.2500
0016    0.079   -0.891    0.000   0.0000   0.0000 01000B        5 ABCDE   0.2500  0.0000  0.2500  0.2500  0.2500
0017    0.381   -1.049    0.000   0.0000   0.0000 00001E        5 ABCDE   0.2500  0.2500  0.2500  0.2500  0.0000
0018    0.196   -1.313    0.000   0.0000   0.0000 01000B        5 ABCDE   0.2500  0.0000  0.2500  0.2500  0.2500
0019    0.457   -1.580    0.000   0.0000   0.0000 10000A        5 ABCDE   0.0000  0.2500  0.2500  0.2500  0.2500
0020    0.068   -0.202    0.000   0.0000   0.0000 01000B        5 ABCDE   0.2500  0.0000  0.2500  0.2500  0.2500
0021    0.085    0.042    0.000   0.0000   0.0000 01000B        5 ABCDE   0.2500  0.0000  0.2500  0.2500  0.2500
0022    0.076    0.277    0.000   0.0000   0.0000 00001E        5 ABCDE   0.2500  0.2500  0.2500  0.2500  0.0000
0023    0.213    2.059    0.000   0.0000   0.0000 00100C        5 ABCDE   0.2500  0.2500  0.0000  0.2500  0.2500
0024    0.200    2.067    0.000   0.0000   0.0000 00010D        5 ABCDE   0.2500  0.2500  0.2500  0.0000  0.2500
0025    0.077    2.024    0.000   0.0000   0.0000 00001E        5 ABCDE   0.2500  0.2500  0.2500  0.2500  0.0000
0026    0.116    0.709    0.000   0.0000   0.0000 01000B        5 ABCDE   0.2500  0.0000  0.2500  0.2500  0.2500
0027    0.331    1.759    0.000   0.0000   0.0000 00010D        5 ABCDE   0.2500  0.2500  0.2500  0.0000  0.2500
0028    0.374    0.385    0.000   0.0000   0.0000 00001E        5 ABCDE   0.2500  0.2500  0.2500  0.2500  0.0000
0029    0.392    1.668    0.000   0.0000   0.0000 00001E        5 ABCDE   0.2500  0.2500  0.2500  0.2500  0.0000
0030    0.171    1.842    0.000   0.0000   0.0000 00100C        5 ABCDE   0.2500  0.2500  0.0000  0.2500  0.2500
0031    0.495    1.568    0.000   0.0000   0.0000 00010D        5 ABCDE   0.2500  0.2500  0.2500  0.0000  0.2500
0032    0.342    1.434    0.000   0.0000   0.0000 01000B        5 ABCDE   0.2500  0.0000  0.2500  0.2500  0.2500
0033    0.164    1.781    0.000   0.0000   0.0000 00010D        5 ABCDE   0.2500  0.2500  0.2500  0.0000  0.2500
0034    0.431    0.681    0.000   0.0000   0.0000 01000B        5 ABCDE   0.2500  0.0000  0.2500  0.2500  0.2500
0035    0.054    1.595    0.000   0.0000   0.0000 00010D        5 ABCDE   0.2500  0.2500  0.2500  0.0000  0.2500
0036    0.078    1.915    0.000   0.0000   0.0000 00010D        5 ABCDE   0.2500  0.2500  0.2500  0.0000  0.2500
0037    0.143    0.560    0.000   0.0000   0.0000 00010D        5 ABCDE   0.2500  0.2500  0.2500  0.0000  0.2500
0038    0.442    2.217    0.000   0.0000   0.0000 10000A        5 ABCDE   0.0000  0.2500  0.2500  0.2500  0.2500
0039    0.330    0.251    0.000   0.0000   0.0000 00010D        5 ABCDE   0.2500  0.2500  0.2500  0.0000  0.2500
0040    0.167    0.612    0.000   0.0000   0.0000 00001E        5 ABCDE   0.2500  0.2500  0.2500  0.2500  0.0000
0041    0.839   -1.490    0.000   0.0000   0.0000 01000B        5 ABCDE   0.2500  0.0000  0.2500  0.2500  0.2500
0042    0.713   -0.719    0.000   0.0000   0.0000 00001E        5 ABCDE   0.2500  0.2500  0.2500  0.2500  0.0000
0043    0.534   -0.458    0.000   0.0000   0.0000 00100C        5 ABCDE   0.2500  0.2500  0.0000  0.2500  0.2500
0044    0.993   -1.342    0.000   0.0000   0.0000 00001E        5 ABCDE   0.2500  0.2500  0.2500  0.2500  0.0000
0045    0.757   -0.224    0.000   0.0000   0.0000 10000A        5 ABCDE   0.0000  0.2500  0.2500  0.2500  0.2500
0046    0.867   -1.684    0.000   0.0000   0.0000 10000A        5 ABCDE   0.0000  0.2500  0.2500  0.2500  0.2500
0047    0.996   -1.873    0.000   0.0000   0.0000 01000B        5 ABCDE   0.2500  0.0000  0.2500  0.2500  0.2500
0048    0.788   -2.401    0.000   0.0000   0.0000 00001E        5 ABCDE   0.2500  0.2500  0.2500  0.2500  0.0000
0049    0.676   -1.284    0.000   0.0000   0.0000 01000B        5 ABCDE   0.2500  0.0000  0.2500  0.2500  0.2500
0050    0.990   -1.196    0.000   0.0000   0.0000 10000A        5 ABCDE   0.0000  0.2500  0.2500  0.2500  0.2500
0051    0.619   -1.905    0.000   0.0000   0.0000 00001E        5 ABCDE   0.2500  0.2500  0.2500  0.2500  0.0000
0052    0.630   -2.034    0.000   0.0000   0.0000 01000B        5 ABCDE   0.2500  0.0000  0.2500  0.2500  0.2500
0053    0.622   -0.425    0.000   0.0000   0.0000 00010D        5 ABCDE   0.2500  0.2500  0.2500  0.0000  0.2500
0054    0.672   -0.688    0.000   0.0000   0.0000 10000A        5 ABCDE   0.0000  0.2500  0.2500  0.2500  0.2500
0055    0.931   -1.727    0.000   0.0000   0.0000 00100C        5 ABCDE   0.2500  0.2500  0.0000  0.2500  0.2500
0056    0.530   -1.776    0.000   0.0000   0.0000 10000A        5 ABCDE   0.0000  0.2500  0.2500  0.2500  0.2500
0057    0.831   -1.228    0.000   0.0000   0.0000 01000B        5 ABCDE   0.2500  0.0000  0.2500  0.2500  0.2500
0058    0.890   -1.358    0.000   0.0000   0.0000 00100C        5 ABCDE   0.2500  0.2500  0.0000  0.2500  0.2500
0059    0.708   -2.408    0.000   0.0000   0.0000 01000B        5 ABCDE   0.2500  0.0000  0.2500  0.2500  0.2500
0060    0.567   -0.795    0.000   0.0000   0.0000 10000A        5 ABCDE   0.0000  0.2500  0.2500  0.2500  0.2500
0061    0.923    0.473    0.000   0.0000   0.0000 10000A        5 ABCDE   0.0000  0.2500  0.2500  0.2500  0.2500
0062    0.622    2.050    0.000   0.0000   0.0000 10000A        5 ABCDE   0.0000  0.2500  0.2500  0.2500  0.2500
0063    0.802    1.240    0.000   0.0000   0.0000 00010D        5 ABCDE   0.2500  0.2500  0.2500  0.0000  0.2500
0064    0.737    0.648    0.000   0.0000   0.0000 00100C        5 ABCDE   0.2500  0.2500  0.0000  0.2500  0.2500
0065    0.769    1.703    0.000   0.0000   0.0000 00001E        5 ABCDE   0.2500  0.2500  0.2500  0.2500  0.0000
0066    0.530    0.206    0.000   0.0000   0.0000 00100C        5 ABCDE   0.2500  0.2500  0.0000  0.2500  0.2500
0067    0.595    2.465    0.000   0.0000   0.0000 00100C        5 ABCDE   0.2500  0.2500  0.0000  0.2500  0.2500
0068    0.714    1.784    0.000   0.0000   0.0000 00100C        5 ABCDE   0.2500  0.2500  0.0000  0.2500  0.2500
0069    0.833    1.171    0.000   0.0000   0.0000 00010D        5 ABCDE   0.2500  0.2500  0.2500  0.0000  0.2500
0070    0.632    1.964    0.000   0.0000   0.0000 00100C        5 ABCDE   0.2500  0.2500  0.0000  0.2500  0.2500
0071    0.805    2.468    0.000   0.0000   0.0000 00001E        5 ABCDE   0.2500  0.2500  0.2500  0.2500  0.0000
0072    0.590    0.614    0.000   0.0000   0.0000 00010D        5 ABCDE   0.2500  0.2500  0.2500  0.0000  0.2500
0073    0.873    1.590    0.000   0.0000   0.0000 01000B        5 ABCDE   0.2500  0.0000  0.2500  0.2500  0.2500
0074    0.946    1.642    0.000   0.0000   0.0000 10000A        5 ABCDE   0.0000  0.2500  0.2500  0.2500  0.2500
0075    0.729    2.178    0.000   0.0000   0.0000 00001E        5 ABCDE   0.2500  0.2500  0.2500  0.2500  0.0000
0076    0.865    0.275    0.000   0.0000   0.0000 00100C        5 ABCDE   0.2500  0.2500  0.0000  0.2500  0.2500
0077    0.744    0.072    0.000   0.0000   0.0000 00100C        5 ABCDE   0.2500  0.2500  0.0000  0.2500  0.2500
0078    0.910    2.048    0.000   0.0000   0.0000 00010D        5 ABCDE   0.2500  0.2500  0.2500  0.0000  0.2500
0079    0.995    0.225    0.000   0.0000   0.0000 01000B        5 ABCDE   0.2500  0.0000  0.2500  0.2500  0.2500
0080    0.706    1.660    0.000   0.0000   0.0000 00001E        5 ABCDE   0.2500  0.2500  0.2500  0.2500  0.0000

Item descriptives
A: Mean =    0.5041  SD =     0.2955
B: Mean =    0.0472  SD =     1.4442
C: Mean =    0.      SD =     0.    


Item Exposure, Omits, and Not Reached
Item    N-Valid N(Omit)    N(NR)  Opt(1)  Opt(2)  Opt(3)  Opt(4)  Opt(5)   Total
0001    10000        0        0    989     945     992     929    6145*    10000
0002    10000        0        0   1105    1016    1039    1083    5757*    10000
0003    10000        0        0   1000    1042    1049     994    5915*    10000
0004    10000        0        0   5303*   1157    1144    1171    1225     10000
0005    10000        0        0   1231    1247    1160    1177    5185*    10000
0006    10000        0        0   1038    1062    1072    5757*   1071     10000
0007    10000        0        0   1186    1173    5187*   1263    1191     10000
0008    10000        0        0    820     838    6703*    810     829     10000
0009    10000        0        0   5331*   1210    1164    1200    1095     10000
0010    10000        0        0   1253    5105*   1241    1200    1201     10000
0011    10000        0        0   1177    1189    1167    5279*   1188     10000
0012    10000        0        0   7309*    659     699     678     655     10000
0013    10000        0        0   5401*   1177    1134    1120    1168     10000
0014    10000        0        0   5769*   1086     961    1082    1102     10000
0015    10000        0        0   1187    5039*   1236    1240    1298     10000
0016    10000        0        0   1213    5163*   1258    1159    1207     10000
0017    10000        0        0   1068    1003    1037     981    5911*    10000
0018    10000        0        0   1147    5581*   1080    1110    1082     10000
0019    10000        0        0   6612*    861     820     864     843     10000
0020    10000        0        0   1285    4973*   1228    1233    1281     10000
0021    10000        0        0   1289    5018*   1176    1208    1309     10000
0022    10000        0        0   1267    1332    1238    1295    4868*    10000
0023    10000        0        0   1537    1567    3949*   1469    1478     10000
0024    10000        0        0   1577    1489    1483    3917*   1534     10000
0025    10000        0        0   1340    1333    1306    1408    4613*    10000
0026    10000        0        0   1324    4799*   1303    1335    1239     10000
0027    10000        0        0   1599    1675    1578    3561*   1587     10000
0028    10000        0        0   1304    1354    1282    1354    4706*    10000
0029    10000        0        0   1641    1689    1561    1545    3564*    10000
0030    10000        0        0   1445    1452    4198*   1486    1419     10000
0031    10000        0        0   1705    1662    1683    3246*   1704     10000
0032    10000        0        0   1505    3841*   1558    1538    1558     10000
0033    10000        0        0   1483    1414    1438    4243*   1422     10000
0034    10000        0        0   1437    4267*   1464    1460    1372     10000
0035    10000        0        0   1205    1352    1278    4841*   1324     10000
0036    10000        0        0   1392    1403    1330    4538*   1337     10000
0037    10000        0        0   1262    1304    1252    4898*   1284     10000
0038    10000        0        0   2860*   1773    1859    1827    1681     10000
0039    10000        0        0   1290    1281    1238    4903*   1288     10000
0040    10000        0        0   1287    1339    1337    1288    4749*    10000
0041    10000        0        0    606    7544*    633     623     594     10000
0042    10000        0        0    998     979     986     976    6061*    10000
0043    10000        0        0   1063    1087    5637*   1100    1113     10000
0044    10000        0        0    614     572     599     625    7590*    10000
0045    10000        0        0   5347*   1093    1218    1188    1154     10000
0046    10000        0        0   7786*    589     539     555     531     10000
0047    10000        0        0    448    8296*    427     416     413     10000
0048    10000        0        0    362     395     341     380    8522*    10000
0049    10000        0        0    758    6982*    809     692     759     10000
0050    10000        0        0   7285*    667     672     702     674     10000
0051    10000        0        0    677     646     617     628    7432*    10000
0052    10000        0        0    586    7694*    545     597     578     10000
0053    10000        0        0   1075    1075    1122    5603*   1125     10000
0054    10000        0        0   6044*    973    1012     963    1008     10000
0055    10000        0        0    507     497    8011*    468     517     10000
0056    10000        0        0   6984*    778     732     751     755     10000
0057    10000        0        0    751    7008*    787     679     775     10000
0058    10000        0        0    608     648    7426*    686     632     10000
0059    10000        0        0    437    8218*    465     444     436     10000
0060    10000        0        0   6064*    995    1034     946     961     10000
0061    10000        0        0   4072*   1429    1478    1532    1489     10000
0062    10000        0        0   2343*   1909    1913    1904    1931     10000
0063    10000        0        0   1726    1817    1735    2942*   1780     10000
0064    10000        0        0   1499    1577    3934*   1537    1453     10000
0065    10000        0        0   1820    1943    1884    1951    2402*    10000
0066    10000        0        0   1333    1272    4743*   1342    1310     10000
0067    10000        0        0   1989    1993    2042*   1997    1979     10000
0068    10000        0        0   1933    1857    2463*   1799    1948     10000
0069    10000        0        0   1750    1729    1758    2984*   1779     10000
0070    10000        0        0   1878    1863    2388*   1912    1959     10000
0071    10000        0        0   2178    2077    2077    2241    1427*    10000
0072    10000        0        0   1423    1463    1428    4260*   1426     10000
0073    10000        0        0   1905    2348*   1944    1966    1837     10000
0074    10000        0        0   2068*   1994    1959    2043    1936     10000
0075    10000        0        0   2037    1945    2008    2074    1936*    10000
0076    10000        0        0   1382    1343    4498*   1410    1367     10000
0077    10000        0        0   1277    1225    4849*   1322    1327     10000
0078    10000        0        0   2087    2073    2057    1692*   2091     10000
0079    10000        0        0   1404    4528*   1355    1374    1339     10000
0080    10000        0        0   1847    1815    1826    1821    2691*    10000
 10000  raw responses saved to Onderk42_80Items.DAT
 10000  scored responses saved to Onderk42_80Items.RSP
 80  item records saved to Onderk42_80Items.ITM
Mean(Theta)=     0.0004
SD(Theta)  =     1.0119
Min(Theta) =    -2.9961
Max(Theta) =     3.0024

Mean(X)=    40.1148
SD(X)  =     8.6622
Min(X) =    12.0000
Max(X) =    69.0000
