CMD: itemfile=Idata.csv: file name verifed.
CMD: theta=0,1: theta moments read:0.000,1.000
CMD: dlog=1.7: DLOG=1.7000000
CMD: npersons=10000: sample size=10000
CMD: codes=ABCDE: distractor codes=ABCDE
CMD: omit=X: omit code=X
CMD: notreached=N: Unknown command...ignored as comment
CMD: outfile=Onderk4_80Items: Output file stem =Onderk4_80Items
Scaling constant = 1.7000
Abilities are sampled NID: ~(    0.00     ,    0.00)

Item a-Param. b-Param. c-Param.  Omit(p)    NR(p) Answers  N(opt) Codes   Wgt(1)  Wgt(2)  Wgt(3)  Wgt(4)  Wgt(5)
0001    0.205   -2.378    0.000   0.0000   0.0000 00001E        5 ABCDE   0.2500  0.2500  0.2500  0.2500  0.0000
0002    0.206   -1.585    0.000   0.0000   0.0000 00001E        5 ABCDE   0.2500  0.2500  0.2500  0.2500  0.0000
0003    0.334   -1.178    0.000   0.0000   0.0000 00001E        5 ABCDE   0.2500  0.2500  0.2500  0.2500  0.0000
0004    0.088   -1.214    0.000   0.0000   0.0000 10000A        5 ABCDE   0.0000  0.2500  0.2500  0.2500  0.2500
0005    0.467   -0.148    0.000   0.0000   0.0000 00001E        5 ABCDE   0.2500  0.2500  0.2500  0.2500  0.0000
0006    0.400   -0.714    0.000   0.0000   0.0000 00010D        5 ABCDE   0.2500  0.2500  0.2500  0.0000  0.2500
0007    0.121   -0.533    0.000   0.0000   0.0000 00100C        5 ABCDE   0.2500  0.2500  0.0000  0.2500  0.2500
0008    0.482   -1.532    0.000   0.0000   0.0000 00100C        5 ABCDE   0.2500  0.2500  0.0000  0.2500  0.2500
0009    0.203   -0.818    0.000   0.0000   0.0000 10000A        5 ABCDE   0.0000  0.2500  0.2500  0.2500  0.2500
0010    0.397   -0.109    0.000   0.0000   0.0000 01000B        5 ABCDE   0.2500  0.0000  0.2500  0.2500  0.2500
0011    0.117   -0.679    0.000   0.0000   0.0000 00010D        5 ABCDE   0.2500  0.2500  0.2500  0.0000  0.2500
0012    0.473   -2.306    0.000   0.0000   0.0000 10000A        5 ABCDE   0.0000  0.2500  0.2500  0.2500  0.2500
0013    0.165   -0.909    0.000   0.0000   0.0000 10000A        5 ABCDE   0.0000  0.2500  0.2500  0.2500  0.2500
0014    0.175   -1.717    0.000   0.0000   0.0000 10000A        5 ABCDE   0.0000  0.2500  0.2500  0.2500  0.2500
0015    0.159   -0.277    0.000   0.0000   0.0000 01000B        5 ABCDE   0.2500  0.0000  0.2500  0.2500  0.2500
0016    0.079   -0.891    0.000   0.0000   0.0000 01000B        5 ABCDE   0.2500  0.0000  0.2500  0.2500  0.2500
0017    0.381   -1.049    0.000   0.0000   0.0000 00001E        5 ABCDE   0.2500  0.2500  0.2500  0.2500  0.0000
0018    0.196   -1.313    0.000   0.0000   0.0000 01000B        5 ABCDE   0.2500  0.0000  0.2500  0.2500  0.2500
0019    0.457   -1.580    0.000   0.0000   0.0000 10000A        5 ABCDE   0.0000  0.2500  0.2500  0.2500  0.2500
0020    0.068   -0.202    0.000   0.0000   0.0000 01000B        5 ABCDE   0.2500  0.0000  0.2500  0.2500  0.2500
0021    0.085    0.042    0.000   0.0000   0.0000 01000B        5 ABCDE   0.2500  0.0000  0.2500  0.2500  0.2500
0022    0.076    0.277    0.000   0.0000   0.0000 00001E        5 ABCDE   0.2500  0.2500  0.2500  0.2500  0.0000
0023    0.213    2.059    0.000   0.0000   0.0000 00100C        5 ABCDE   0.2500  0.2500  0.0000  0.2500  0.2500
0024    0.200    2.067    0.000   0.0000   0.0000 00010D        5 ABCDE   0.2500  0.2500  0.2500  0.0000  0.2500
0025    0.077    2.024    0.000   0.0000   0.0000 00001E        5 ABCDE   0.2500  0.2500  0.2500  0.2500  0.0000
0026    0.116    0.709    0.000   0.0000   0.0000 01000B        5 ABCDE   0.2500  0.0000  0.2500  0.2500  0.2500
0027    0.331    1.759    0.000   0.0000   0.0000 00010D        5 ABCDE   0.2500  0.2500  0.2500  0.0000  0.2500
0028    0.374    0.385    0.000   0.0000   0.0000 00001E        5 ABCDE   0.2500  0.2500  0.2500  0.2500  0.0000
0029    0.392    1.668    0.000   0.0000   0.0000 00001E        5 ABCDE   0.2500  0.2500  0.2500  0.2500  0.0000
0030    0.171    1.842    0.000   0.0000   0.0000 00100C        5 ABCDE   0.2500  0.2500  0.0000  0.2500  0.2500
0031    0.495    1.568    0.000   0.0000   0.0000 00010D        5 ABCDE   0.2500  0.2500  0.2500  0.0000  0.2500
0032    0.342    1.434    0.000   0.0000   0.0000 01000B        5 ABCDE   0.2500  0.0000  0.2500  0.2500  0.2500
0033    0.164    1.781    0.000   0.0000   0.0000 00010D        5 ABCDE   0.2500  0.2500  0.2500  0.0000  0.2500
0034    0.431    0.681    0.000   0.0000   0.0000 01000B        5 ABCDE   0.2500  0.0000  0.2500  0.2500  0.2500
0035    0.054    1.595    0.000   0.0000   0.0000 00010D        5 ABCDE   0.2500  0.2500  0.2500  0.0000  0.2500
0036    0.078    1.915    0.000   0.0000   0.0000 00010D        5 ABCDE   0.2500  0.2500  0.2500  0.0000  0.2500
0037    0.143    0.560    0.000   0.0000   0.0000 00010D        5 ABCDE   0.2500  0.2500  0.2500  0.0000  0.2500
0038    0.442    2.217    0.000   0.0000   0.0000 10000A        5 ABCDE   0.0000  0.2500  0.2500  0.2500  0.2500
0039    0.330    0.251    0.000   0.0000   0.0000 00010D        5 ABCDE   0.2500  0.2500  0.2500  0.0000  0.2500
0040    0.167    0.612    0.000   0.0000   0.0000 00001E        5 ABCDE   0.2500  0.2500  0.2500  0.2500  0.0000
0041    0.839   -1.490    0.000   0.0000   0.0000 01000B        5 ABCDE   0.2500  0.0000  0.2500  0.2500  0.2500
0042    0.713   -0.719    0.000   0.0000   0.0000 00001E        5 ABCDE   0.2500  0.2500  0.2500  0.2500  0.0000
0043    0.534   -0.458    0.000   0.0000   0.0000 00100C        5 ABCDE   0.2500  0.2500  0.0000  0.2500  0.2500
0044    0.993   -1.342    0.000   0.0000   0.0000 00001E        5 ABCDE   0.2500  0.2500  0.2500  0.2500  0.0000
0045    0.757   -0.224    0.000   0.0000   0.0000 10000A        5 ABCDE   0.0000  0.2500  0.2500  0.2500  0.2500
0046    0.867   -1.684    0.000   0.0000   0.0000 10000A        5 ABCDE   0.0000  0.2500  0.2500  0.2500  0.2500
0047    0.996   -1.873    0.000   0.0000   0.0000 01000B        5 ABCDE   0.2500  0.0000  0.2500  0.2500  0.2500
0048    0.788   -2.401    0.000   0.0000   0.0000 00001E        5 ABCDE   0.2500  0.2500  0.2500  0.2500  0.0000
0049    0.676   -1.284    0.000   0.0000   0.0000 01000B        5 ABCDE   0.2500  0.0000  0.2500  0.2500  0.2500
0050    0.990   -1.196    0.000   0.0000   0.0000 10000A        5 ABCDE   0.0000  0.2500  0.2500  0.2500  0.2500
0051    0.619   -1.905    0.000   0.0000   0.0000 00001E        5 ABCDE   0.2500  0.2500  0.2500  0.2500  0.0000
0052    0.630   -2.034    0.000   0.0000   0.0000 01000B        5 ABCDE   0.2500  0.0000  0.2500  0.2500  0.2500
0053    0.622   -0.425    0.000   0.0000   0.0000 00010D        5 ABCDE   0.2500  0.2500  0.2500  0.0000  0.2500
0054    0.672   -0.688    0.000   0.0000   0.0000 10000A        5 ABCDE   0.0000  0.2500  0.2500  0.2500  0.2500
0055    0.931   -1.727    0.000   0.0000   0.0000 00100C        5 ABCDE   0.2500  0.2500  0.0000  0.2500  0.2500
0056    0.530   -1.776    0.000   0.0000   0.0000 10000A        5 ABCDE   0.0000  0.2500  0.2500  0.2500  0.2500
0057    0.831   -1.228    0.000   0.0000   0.0000 01000B        5 ABCDE   0.2500  0.0000  0.2500  0.2500  0.2500
0058    0.890   -1.358    0.000   0.0000   0.0000 00100C        5 ABCDE   0.2500  0.2500  0.0000  0.2500  0.2500
0059    0.708   -2.408    0.000   0.0000   0.0000 01000B        5 ABCDE   0.2500  0.0000  0.2500  0.2500  0.2500
0060    0.567   -0.795    0.000   0.0000   0.0000 10000A        5 ABCDE   0.0000  0.2500  0.2500  0.2500  0.2500
0061    0.923    0.473    0.000   0.0000   0.0000 10000A        5 ABCDE   0.0000  0.2500  0.2500  0.2500  0.2500
0062    0.622    2.050    0.000   0.0000   0.0000 10000A        5 ABCDE   0.0000  0.2500  0.2500  0.2500  0.2500
0063    0.802    1.240    0.000   0.0000   0.0000 00010D        5 ABCDE   0.2500  0.2500  0.2500  0.0000  0.2500
0064    0.737    0.648    0.000   0.0000   0.0000 00100C        5 ABCDE   0.2500  0.2500  0.0000  0.2500  0.2500
0065    0.769    1.703    0.000   0.0000   0.0000 00001E        5 ABCDE   0.2500  0.2500  0.2500  0.2500  0.0000
0066    0.530    0.206    0.000   0.0000   0.0000 00100C        5 ABCDE   0.2500  0.2500  0.0000  0.2500  0.2500
0067    0.595    2.465    0.000   0.0000   0.0000 00100C        5 ABCDE   0.2500  0.2500  0.0000  0.2500  0.2500
0068    0.714    1.784    0.000   0.0000   0.0000 00100C        5 ABCDE   0.2500  0.2500  0.0000  0.2500  0.2500
0069    0.833    1.171    0.000   0.0000   0.0000 00010D        5 ABCDE   0.2500  0.2500  0.2500  0.0000  0.2500
0070    0.632    1.964    0.000   0.0000   0.0000 00100C        5 ABCDE   0.2500  0.2500  0.0000  0.2500  0.2500
0071    0.805    2.468    0.000   0.0000   0.0000 00001E        5 ABCDE   0.2500  0.2500  0.2500  0.2500  0.0000
0072    0.590    0.614    0.000   0.0000   0.0000 00010D        5 ABCDE   0.2500  0.2500  0.2500  0.0000  0.2500
0073    0.873    1.590    0.000   0.0000   0.0000 01000B        5 ABCDE   0.2500  0.0000  0.2500  0.2500  0.2500
0074    0.946    1.642    0.000   0.0000   0.0000 10000A        5 ABCDE   0.0000  0.2500  0.2500  0.2500  0.2500
0075    0.729    2.178    0.000   0.0000   0.0000 00001E        5 ABCDE   0.2500  0.2500  0.2500  0.2500  0.0000
0076    0.865    0.275    0.000   0.0000   0.0000 00100C        5 ABCDE   0.2500  0.2500  0.0000  0.2500  0.2500
0077    0.744    0.072    0.000   0.0000   0.0000 00100C        5 ABCDE   0.2500  0.2500  0.0000  0.2500  0.2500
0078    0.910    2.048    0.000   0.0000   0.0000 00010D        5 ABCDE   0.2500  0.2500  0.2500  0.0000  0.2500
0079    0.995    0.225    0.000   0.0000   0.0000 01000B        5 ABCDE   0.2500  0.0000  0.2500  0.2500  0.2500
0080    0.706    1.660    0.000   0.0000   0.0000 00001E        5 ABCDE   0.2500  0.2500  0.2500  0.2500  0.0000

Item descriptives
A: Mean =    0.5041  SD =     0.2955
B: Mean =    0.0472  SD =     1.4442
C: Mean =    0.      SD =     0.    


Item Exposure, Omits, and Not Reached
Item    N-Valid N(Omit)    N(NR)  Opt(1)  Opt(2)  Opt(3)  Opt(4)  Opt(5)   Total
0001    10000        0        0    754     813     792     780    6861*    10000
0002    10000        0        0    931     907     877     957    6328*    10000
0003    10000        0        0    885     880     859     859    6517*    10000
0004    10000        0        0   5399*   1156    1109    1157    1179     10000
0005    10000        0        0   1219    1197    1216    1103    5265*    10000
0006    10000        0        0    974     963     980    6121*    962     10000
0007    10000        0        0   1159    1115    5311*   1193    1222     10000
0008    10000        0        0    596     594    7545*    639     626     10000
0009    10000        0        0   5643*   1018    1142    1110    1087     10000
0010    10000        0        0   1194    5124*   1298    1178    1206     10000
0011    10000        0        0   1195    1132    1192    5314*   1167     10000
0012    10000        0        0   8414*    380     391     387     428     10000
0013    10000        0        0   5591*   1088    1123    1081    1117     10000
0014    10000        0        0   6229*    946     948     943     934     10000
0015    10000        0        0   1163    5149*   1221    1213    1254     10000
0016    10000        0        0   1188    5323*   1169    1185    1135     10000
0017    10000        0        0    899     841     865     887    6508*    10000
0018    10000        0        0    962    6039*    989    1000    1010     10000
0019    10000        0        0   7471*    614     613     626     676     10000
0020    10000        0        0   1304    5046*   1207    1237    1206     10000
0021    10000        0        0   1262    4970*   1251    1279    1238     10000
0022    10000        0        0   1246    1185    1288    1302    4979*    10000
0023    10000        0        0   1648    1700    3312*   1695    1645     10000
0024    10000        0        0   1680    1687    1643    3346*   1644     10000
0025    10000        0        0   1467    1398    1432    1327    4376*    10000
0026    10000        0        0   1333    4610*   1381    1300    1376     10000
0027    10000        0        0   1763    1766    1854    2792*   1825     10000
0028    10000        0        0   1435    1380    1405    1432    4348*    10000
0029    10000        0        0   1851    1845    1798    1820    2686*    10000
0030    10000        0        0   1580    1625    3719*   1535    1541     10000
0031    10000        0        0   1927    1903    1900    2359*   1911     10000
0032    10000        0        0   1735    3177*   1767    1630    1691     10000
0033    10000        0        0   1499    1598    1518    3839*   1546     10000
0034    10000        0        0   1533    3906*   1524    1512    1525     10000
0035    10000        0        0   1326    1351    1384    4621*   1318     10000
0036    10000        0        0   1404    1430    1358    4310*   1498     10000
0037    10000        0        0   1400    1330    1305    4643*   1322     10000
0038    10000        0        0   1863*   2008    2005    2017    2107     10000
0039    10000        0        0   1315    1306    1319    4707*   1353     10000
0040    10000        0        0   1332    1403    1245    1352    4668*    10000
0041    10000        0        0    357    8375*    434     430     404     10000
0042    10000        0        0    883     851     825     802    6639*    10000
0043    10000        0        0   1006    1036    5903*   1061     994     10000
0044    10000        0        0    415     437     457     430    8261*    10000
0045    10000        0        0   5516*   1104    1119    1165    1096     10000
0046    10000        0        0   8691*    349     335     314     311     10000
0047    10000        0        0    258    9027*    244     248     223     10000
0048    10000        0        0    180     178     220     180    9242*    10000
0049    10000        0        0    599    7653*    589     609     550     10000
0050    10000        0        0   7967*    497     537     454     545     10000
0051    10000        0        0    377     399     379     416    8429*    10000
0052    10000        0        0    355    8620*    361     325     339     10000
0053    10000        0        0   1033     959    1026    5981*   1001     10000
0054    10000        0        0   6556*    900     821     857     866     10000
0055    10000        0        0    293     301    8804*    278     324     10000
0056    10000        0        0   8023*    512     469     516     480     10000
0057    10000        0        0    513    7831*    537     575     544     10000
0058    10000        0        0    486     411    8193*    444     466     10000
0059    10000        0        0    205    9113*    224     228     230     10000
0060    10000        0        0   6540*    879     853     847     881     10000
0061    10000        0        0   3697*   1594    1545    1578    1586     10000
0062    10000        0        0   1371*   2191    2150    2140    2148     10000
0063    10000        0        0   1967    2016    1932    2149*   1936     10000
0064    10000        0        0   1620    1628    3491*   1644    1617     10000
0065    10000        0        0   2100    2150    2050    2134    1566*    10000
0066    10000        0        0   1358    1306    4609*   1418    1309     10000
0067    10000        0        0   2163    2224    1117*   2253    2243     10000
0068    10000        0        0   2108    2173    1486*   2093    2140     10000
0069    10000        0        0   1964    1847    1940    2324*   1925     10000
0070    10000        0        0   2151    2192    1409*   2151    2097     10000
0071    10000        0        0   2321    2359    2301    2349     670*    10000
0072    10000        0        0   1517    1645    1521    3756*   1561     10000
0073    10000        0        0   2190    1522*   2038    2091    2159     10000
0074    10000        0        0   1318*   2102    2175    2170    2235     10000
0075    10000        0        0   2252    2219    2191    2267    1071*    10000
0076    10000        0        0   1424    1389    4298*   1462    1427     10000
0077    10000        0        0   1299    1293    4839*   1310    1259     10000
0078    10000        0        0   2217    2227    2360     864*   2332     10000
0079    10000        0        0   1435    4401*   1363    1427    1374     10000
0080    10000        0        0   2042    2152    2059    2050    1697*    10000
 10000  raw responses saved to Onderk4_80Items.DAT
 10000  scored responses saved to Onderk4_80Items.RSP
 80  item records saved to Onderk4_80Items.ITM
Mean(Theta)=     0.0041
SD(Theta)  =     1.0022
Min(Theta) =    -3.0058
Max(Theta) =     3.0000

Mean(X)=    40.1448
SD(X)  =    10.6090
Min(X) =     7.0000
Max(X) =    73.0000
