CMD: itemfile=Idata.csv: file name verifed.
CMD: theta=0,1: theta moments read:0.000,1.000
CMD: dlog=1: DLOG=1.0000000
CMD: npersons=10000: sample size=10000
CMD: codes=ABCDE: distractor codes=ABCDE
CMD: omit=X: omit code=X
CMD: notreached=N: Unknown command...ignored as comment
CMD: outfile=Onderk5_80Items: Output file stem =Onderk5_80Items
Scaling constant = 1.0000
Abilities are sampled NID: ~(    0.00     ,    0.00)

Item a-Param. b-Param. c-Param.  Omit(p)    NR(p) Answers  N(opt) Codes   Wgt(1)  Wgt(2)  Wgt(3)  Wgt(4)  Wgt(5)
0001    0.470   -0.133    0.000   0.0000   0.0000 00100C        5 ABCDE   0.2500  0.2500  0.0000  0.2500  0.2500
0002    0.636   -1.687    0.000   0.0000   0.0000 00001E        5 ABCDE   0.2500  0.2500  0.2500  0.2500  0.0000
0003    0.600   -1.821    0.000   0.0000   0.0000 10000A        5 ABCDE   0.0000  0.2500  0.2500  0.2500  0.2500
0004    0.481   -2.150    0.000   0.0000   0.0000 00001E        5 ABCDE   0.2500  0.2500  0.2500  0.2500  0.0000
0005    0.117   -1.899    0.000   0.0000   0.0000 00001E        5 ABCDE   0.2500  0.2500  0.2500  0.2500  0.0000
0006    0.789   -0.642    0.000   0.0000   0.0000 00001E        5 ABCDE   0.2500  0.2500  0.2500  0.2500  0.0000
0007    0.311   -1.317    0.000   0.0000   0.0000 00010D        5 ABCDE   0.2500  0.2500  0.2500  0.0000  0.2500
0008    0.333   -1.210    0.000   0.0000   0.0000 00010D        5 ABCDE   0.2500  0.2500  0.2500  0.0000  0.2500
0009    0.428   -1.938    0.000   0.0000   0.0000 01000B        5 ABCDE   0.2500  0.0000  0.2500  0.2500  0.2500
0010    0.535   -0.424    0.000   0.0000   0.0000 00100C        5 ABCDE   0.2500  0.2500  0.0000  0.2500  0.2500
0011    0.758   -1.096    0.000   0.0000   0.0000 01000B        5 ABCDE   0.2500  0.0000  0.2500  0.2500  0.2500
0012    0.120   -1.904    0.000   0.0000   0.0000 00001E        5 ABCDE   0.2500  0.2500  0.2500  0.2500  0.0000
0013    0.156   -0.636    0.000   0.0000   0.0000 00100C        5 ABCDE   0.2500  0.2500  0.0000  0.2500  0.2500
0014    0.587   -2.363    0.000   0.0000   0.0000 00010D        5 ABCDE   0.2500  0.2500  0.2500  0.0000  0.2500
0015    0.506   -1.934    0.000   0.0000   0.0000 00100C        5 ABCDE   0.2500  0.2500  0.0000  0.2500  0.2500
0016    0.478   -0.938    0.000   0.0000   0.0000 00001E        5 ABCDE   0.2500  0.2500  0.2500  0.2500  0.0000
0017    0.180   -1.846    0.000   0.0000   0.0000 00100C        5 ABCDE   0.2500  0.2500  0.0000  0.2500  0.2500
0018    0.138   -0.244    0.000   0.0000   0.0000 00100C        5 ABCDE   0.2500  0.2500  0.0000  0.2500  0.2500
0019    0.269   -0.782    0.000   0.0000   0.0000 00100C        5 ABCDE   0.2500  0.2500  0.0000  0.2500  0.2500
0020    0.548   -1.372    0.000   0.0000   0.0000 00010D        5 ABCDE   0.2500  0.2500  0.2500  0.0000  0.2500
0021    0.786    2.146    0.000   0.0000   0.0000 00001E        5 ABCDE   0.2500  0.2500  0.2500  0.2500  0.0000
0022    0.785    2.079    0.000   0.0000   0.0000 00001E        5 ABCDE   0.2500  0.2500  0.2500  0.2500  0.0000
0023    0.613    2.353    0.000   0.0000   0.0000 01000B        5 ABCDE   0.2500  0.0000  0.2500  0.2500  0.2500
0024    0.109    1.823    0.000   0.0000   0.0000 00001E        5 ABCDE   0.2500  0.2500  0.2500  0.2500  0.0000
0025    0.609    0.601    0.000   0.0000   0.0000 01000B        5 ABCDE   0.2500  0.0000  0.2500  0.2500  0.2500
0026    0.623    1.758    0.000   0.0000   0.0000 01000B        5 ABCDE   0.2500  0.0000  0.2500  0.2500  0.2500
0027    0.349    1.912    0.000   0.0000   0.0000 10000A        5 ABCDE   0.0000  0.2500  0.2500  0.2500  0.2500
0028    0.608    1.758    0.000   0.0000   0.0000 01000B        5 ABCDE   0.2500  0.0000  0.2500  0.2500  0.2500
0029    0.593    0.279    0.000   0.0000   0.0000 00100C        5 ABCDE   0.2500  0.2500  0.0000  0.2500  0.2500
0030    0.530    1.184    0.000   0.0000   0.0000 00010D        5 ABCDE   0.2500  0.2500  0.2500  0.0000  0.2500
0031    0.375    0.502    0.000   0.0000   0.0000 00100C        5 ABCDE   0.2500  0.2500  0.0000  0.2500  0.2500
0032    0.497    0.394    0.000   0.0000   0.0000 00001E        5 ABCDE   0.2500  0.2500  0.2500  0.2500  0.0000
0033    0.317    2.351    0.000   0.0000   0.0000 00001E        5 ABCDE   0.2500  0.2500  0.2500  0.2500  0.0000
0034    0.599    2.432    0.000   0.0000   0.0000 10000A        5 ABCDE   0.0000  0.2500  0.2500  0.2500  0.2500
0035    0.542    2.417    0.000   0.0000   0.0000 10000A        5 ABCDE   0.0000  0.2500  0.2500  0.2500  0.2500
0036    0.458    0.557    0.000   0.0000   0.0000 00001E        5 ABCDE   0.2500  0.2500  0.2500  0.2500  0.0000
0037    0.653    2.059    0.000   0.0000   0.0000 10000A        5 ABCDE   0.0000  0.2500  0.2500  0.2500  0.2500
0038    0.141    2.273    0.000   0.0000   0.0000 10000A        5 ABCDE   0.0000  0.2500  0.2500  0.2500  0.2500
0039    0.115    1.159    0.000   0.0000   0.0000 10000A        5 ABCDE   0.0000  0.2500  0.2500  0.2500  0.2500
0040    0.354    1.423    0.000   0.0000   0.0000 10000A        5 ABCDE   0.0000  0.2500  0.2500  0.2500  0.2500
0041    1.094   -1.640    0.000   0.0000   0.0000 10000A        5 ABCDE   0.0000  0.2500  0.2500  0.2500  0.2500
0042    0.910   -0.601    0.000   0.0000   0.0000 00010D        5 ABCDE   0.2500  0.2500  0.2500  0.0000  0.2500
0043    0.886   -2.078    0.000   0.0000   0.0000 00001E        5 ABCDE   0.2500  0.2500  0.2500  0.2500  0.0000
0044    1.080   -1.816    0.000   0.0000   0.0000 01000B        5 ABCDE   0.2500  0.0000  0.2500  0.2500  0.2500
0045    1.190   -2.357    0.000   0.0000   0.0000 01000B        5 ABCDE   0.2500  0.0000  0.2500  0.2500  0.2500
0046    0.921   -0.330    0.000   0.0000   0.0000 00010D        5 ABCDE   0.2500  0.2500  0.2500  0.0000  0.2500
0047    1.354   -0.659    0.000   0.0000   0.0000 00100C        5 ABCDE   0.2500  0.2500  0.0000  0.2500  0.2500
0048    1.202   -2.035    0.000   0.0000   0.0000 10000A        5 ABCDE   0.0000  0.2500  0.2500  0.2500  0.2500
0049    1.057   -0.032    0.000   0.0000   0.0000 01000B        5 ABCDE   0.2500  0.0000  0.2500  0.2500  0.2500
0050    1.326   -1.032    0.000   0.0000   0.0000 00010D        5 ABCDE   0.2500  0.2500  0.2500  0.0000  0.2500
0051    1.001   -0.906    0.000   0.0000   0.0000 00100C        5 ABCDE   0.2500  0.2500  0.0000  0.2500  0.2500
0052    1.253   -1.541    0.000   0.0000   0.0000 00100C        5 ABCDE   0.2500  0.2500  0.0000  0.2500  0.2500
0053    1.460   -1.461    0.000   0.0000   0.0000 00001E        5 ABCDE   0.2500  0.2500  0.2500  0.2500  0.0000
0054    1.171   -0.415    0.000   0.0000   0.0000 01000B        5 ABCDE   0.2500  0.0000  0.2500  0.2500  0.2500
0055    1.437   -2.127    0.000   0.0000   0.0000 00010D        5 ABCDE   0.2500  0.2500  0.2500  0.0000  0.2500
0056    0.831   -2.245    0.000   0.0000   0.0000 00100C        5 ABCDE   0.2500  0.2500  0.0000  0.2500  0.2500
0057    0.968   -0.770    0.000   0.0000   0.0000 00001E        5 ABCDE   0.2500  0.2500  0.2500  0.2500  0.0000
0058    1.353   -2.173    0.000   0.0000   0.0000 10000A        5 ABCDE   0.0000  0.2500  0.2500  0.2500  0.2500
0059    1.336   -1.428    0.000   0.0000   0.0000 00001E        5 ABCDE   0.2500  0.2500  0.2500  0.2500  0.0000
0060    1.274   -1.723    0.000   0.0000   0.0000 10000A        5 ABCDE   0.0000  0.2500  0.2500  0.2500  0.2500
0061    1.307    0.428    0.000   0.0000   0.0000 00100C        5 ABCDE   0.2500  0.2500  0.0000  0.2500  0.2500
0062    0.855    2.077    0.000   0.0000   0.0000 00010D        5 ABCDE   0.2500  0.2500  0.2500  0.0000  0.2500
0063    1.175    0.932    0.000   0.0000   0.0000 01000B        5 ABCDE   0.2500  0.0000  0.2500  0.2500  0.2500
0064    1.214    0.587    0.000   0.0000   0.0000 00010D        5 ABCDE   0.2500  0.2500  0.2500  0.0000  0.2500
0065    1.034    2.406    0.000   0.0000   0.0000 00010D        5 ABCDE   0.2500  0.2500  0.2500  0.0000  0.2500
0066    1.202    0.501    0.000   0.0000   0.0000 00010D        5 ABCDE   0.2500  0.2500  0.2500  0.0000  0.2500
0067    1.393    0.682    0.000   0.0000   0.0000 10000A        5 ABCDE   0.0000  0.2500  0.2500  0.2500  0.2500
0068    1.257    2.188    0.000   0.0000   0.0000 00010D        5 ABCDE   0.2500  0.2500  0.2500  0.0000  0.2500
0069    1.032    1.595    0.000   0.0000   0.0000 00001E        5 ABCDE   0.2500  0.2500  0.2500  0.2500  0.0000
0070    1.318    0.947    0.000   0.0000   0.0000 01000B        5 ABCDE   0.2500  0.0000  0.2500  0.2500  0.2500
0071    1.167    2.470    0.000   0.0000   0.0000 01000B        5 ABCDE   0.2500  0.0000  0.2500  0.2500  0.2500
0072    1.371    0.709    0.000   0.0000   0.0000 10000A        5 ABCDE   0.0000  0.2500  0.2500  0.2500  0.2500
0073    1.136    1.373    0.000   0.0000   0.0000 10000A        5 ABCDE   0.0000  0.2500  0.2500  0.2500  0.2500
0074    0.955    1.436    0.000   0.0000   0.0000 00100C        5 ABCDE   0.2500  0.2500  0.0000  0.2500  0.2500
0075    1.047    0.907    0.000   0.0000   0.0000 00010D        5 ABCDE   0.2500  0.2500  0.2500  0.0000  0.2500
0076    1.496    1.761    0.000   0.0000   0.0000 00010D        5 ABCDE   0.2500  0.2500  0.2500  0.0000  0.2500
0077    1.435    0.673    0.000   0.0000   0.0000 00001E        5 ABCDE   0.2500  0.2500  0.2500  0.2500  0.0000
0078    1.141    1.184    0.000   0.0000   0.0000 00100C        5 ABCDE   0.2500  0.2500  0.0000  0.2500  0.2500
0079    1.334    1.551    0.000   0.0000   0.0000 00001E        5 ABCDE   0.2500  0.2500  0.2500  0.2500  0.0000
0080    1.301    2.336    0.000   0.0000   0.0000 10000A        5 ABCDE   0.0000  0.2500  0.2500  0.2500  0.2500

Item descriptives
A: Mean =    0.8171  SD =     0.4143
B: Mean =    0.0562  SD =     1.5725
C: Mean =    0.      SD =     0.    


Item Exposure, Omits, and Not Reached
Item    N-Valid N(Omit)    N(NR)  Opt(1)  Opt(2)  Opt(3)  Opt(4)  Opt(5)   Total
0001    10000        0        0   1240    1193    5140*   1211    1216     10000
0002    10000        0        0    666     693     671     638    7332*    10000
0003    10000        0        0   7418*    624     624     658     676     10000
0004    10000        0        0    665     746     655     671    7263*    10000
0005    10000        0        0   1077    1096    1154    1060    5613*    10000
0006    10000        0        0    954     974     963     945    6164*    10000
0007    10000        0        0    960    1030    1025    5986*    999     10000
0008    10000        0        0    959    1025    1011    5964*   1041     10000
0009    10000        0        0    785    6931*    750     772     762     10000
0010    10000        0        0   1113    1121    5557*   1081    1128     10000
0011    10000        0        0    790    6741*    805     805     859     10000
0012    10000        0        0   1068    1097    1062    1128    5645*    10000
0013    10000        0        0   1211    1200    5191*   1218    1180     10000
0014    10000        0        0    512     527     550    7853*    558     10000
0015    10000        0        0    733     699    7143*    713     712     10000
0016    10000        0        0    948     993    1005     981    6073*    10000
0017    10000        0        0   1064    1034    5780*   1082    1040     10000
0018    10000        0        0   1222    1282    5065*   1214    1217     10000
0019    10000        0        0   1169    1076    5452*   1130    1173     10000
0020    10000        0        0    801     853     838    6700*    808     10000
0021    10000        0        0   2077    2015    2056    2037    1815*    10000
0022    10000        0        0   2032    2034    1946    1987    2001*    10000
0023    10000        0        0   1965    2172*   1960    1975    1928     10000
0024    10000        0        0   1375    1369    1402    1337    4517*    10000
0025    10000        0        0   1448    4224*   1488    1428    1412     10000
0026    10000        0        0   1756    2703*   1908    1764    1869     10000
0027    10000        0        0   3396*   1660    1652    1601    1691     10000
0028    10000        0        0   1820    2711*   1785    1887    1797     10000
0029    10000        0        0   1376    1319    4566*   1363    1376     10000
0030    10000        0        0   1568    1599    1600    3630*   1603     10000
0031    10000        0        0   1385    1354    4636*   1318    1307     10000
0032    10000        0        0   1358    1356    1416    1313    4557*    10000
0033    10000        0        0   1694    1643    1727    1681    3255*    10000
0034    10000        0        0   2061*   2001    1932    1998    2008     10000
0035    10000        0        0   2314*   1901    1939    1887    1959     10000
0036    10000        0        0   1378    1392    1364    1414    4452*    10000
0037    10000        0        0   2249*   1904    1941    1986    1920     10000
0038    10000        0        0   4236*   1418    1443    1442    1461     10000
0039    10000        0        0   4667*   1362    1286    1303    1382     10000
0040    10000        0        0   3835*   1543    1549    1536    1537     10000
0041    10000        0        0   8167*    460     455     465     453     10000
0042    10000        0        0    927     939     942    6216*    976     10000
0043    10000        0        0    406     413     449     409    8323*    10000
0044    10000        0        0    412    8341*    424     413     410     10000
0045    10000        0        0    227    9155*    205     199     214     10000
0046    10000        0        0   1049    1109    1111    5594*   1137     10000
0047    10000        0        0    867     835    6663*    783     852     10000
0048    10000        0        0   8785*    334     282     287     312     10000
0049    10000        0        0   1218    5133*   1196    1207    1246     10000
0050    10000        0        0    643     675     663    7406*    613     10000
0051    10000        0        0    734     776    6905*    781     804     10000
0052    10000        0        0    440     443    8221*    458     438     10000
0053    10000        0        0    415     415     423     430    8317*    10000
0054    10000        0        0   1023    5856*    997    1056    1068     10000
0055    10000        0        0    211     212     223    9123*    231     10000
0056    10000        0        0    425     366    8412*    387     410     10000
0057    10000        0        0    852     881     810     847    6610*    10000
0058    10000        0        0   9106*    236     211     225     222     10000
0059    10000        0        0    471     432     473     492    8132*    10000
0060    10000        0        0   8489*    405     341     369     396     10000
0061    10000        0        0   1493    1534    3919*   1550    1504     10000
0062    10000        0        0   2034    2060    2087    1729*   2090     10000
0063    10000        0        0   1784    2958*   1748    1765    1745     10000
0064    10000        0        0   1527    1567    1605    3750*   1551     10000
0065    10000        0        0   2238    2136    2269    1098*   2259     10000
0066    10000        0        0   1570    1531    1522    3925*   1452     10000
0067    10000        0        0   3312*   1633    1671    1679    1705     10000
0068    10000        0        0   2272    2295    2212    1014*   2207     10000
0069    10000        0        0   2052    1943    1986    1956    2063*    10000
0070    10000        0        0   1762    2874*   1787    1770    1807     10000
0071    10000        0        0   2352     796*   2288    2317    2247     10000
0072    10000        0        0   3289*   1685    1630    1711    1685     10000
0073    10000        0        0   2192*   1938    2003    1887    1980     10000
0074    10000        0        0   1883    1894    2376*   1906    1941     10000
0075    10000        0        0   1674    1721    1733    3152*   1720     10000
0076    10000        0        0   2214    2143    2174    1316*   2153     10000
0077    10000        0        0   1647    1610    1660    1708    3375*    10000
0078    10000        0        0   1902    1863    2550*   1827    1858     10000
0079    10000        0        0   2044    2098    2059    2132    1667*    10000
0080    10000        0        0    863*   2340    2279    2328    2190     10000
 10000  raw responses saved to Onderk5_80Items.DAT
 10000  scored responses saved to Onderk5_80Items.RSP
 80  item records saved to Onderk5_80Items.ITM
Mean(Theta)=     0.0142
SD(Theta)  =     1.0105
Min(Theta) =    -2.9990
Max(Theta) =     3.0040

Mean(X)=    39.4180
SD(X)  =    10.7736
Min(X) =     7.0000
Max(X) =    75.0000
