CMD: itemfile=Idata.csv: file name verifed.
CMD: theta=0,1: theta moments read:0.000,1.000
CMD: dlog=1.7: DLOG=1.7000000
CMD: npersons=5000: sample size=5000
CMD: codes=ABCDE: distractor codes=ABCDE
CMD: omit=X: omit code=X
CMD: notreached=N: Unknown command...ignored as comment
CMD: outfile=Onder_80Items: Output file stem =Onder_80Items
Scaling constant = 1.7000
Abilities are sampled NID: ~(    0.00     ,    0.00)

Item a-Param. b-Param. c-Param.  Omit(p)    NR(p) Answers  N(opt) Codes   Wgt(1)  Wgt(2)  Wgt(3)  Wgt(4)  Wgt(5)
0001    0.564   -1.460    0.000   0.0000   0.0000 10000A        5 ABCDE   0.0000  0.2500  0.2500  0.2500  0.2500
0002    0.480   -1.438    0.000   0.0000   0.0000 10000A        5 ABCDE   0.0000  0.2500  0.2500  0.2500  0.2500
0003    0.518   -2.142    0.000   0.0000   0.0000 10000A        5 ABCDE   0.0000  0.2500  0.2500  0.2500  0.2500
0004    0.681   -1.268    0.000   0.0000   0.0000 00001E        5 ABCDE   0.2500  0.2500  0.2500  0.2500  0.0000
0005    0.710   -1.089    0.000   0.0000   0.0000 10000A        5 ABCDE   0.0000  0.2500  0.2500  0.2500  0.2500
0006    0.488   -2.397    0.000   0.0000   0.0000 01000B        5 ABCDE   0.2500  0.0000  0.2500  0.2500  0.2500
0007    0.630   -1.985    0.000   0.0000   0.0000 01000B        5 ABCDE   0.2500  0.0000  0.2500  0.2500  0.2500
0008    0.586   -2.766    0.000   0.0000   0.0000 10000A        5 ABCDE   0.0000  0.2500  0.2500  0.2500  0.2500
0009    0.673   -2.954    0.000   0.0000   0.0000 01000B        5 ABCDE   0.2500  0.0000  0.2500  0.2500  0.2500
0010    0.784   -2.035    0.000   0.0000   0.0000 00010D        5 ABCDE   0.2500  0.2500  0.2500  0.0000  0.2500
0011    0.701   -2.971    0.000   0.0000   0.0000 10000A        5 ABCDE   0.0000  0.2500  0.2500  0.2500  0.2500
0012    0.448   -1.728    0.000   0.0000   0.0000 00010D        5 ABCDE   0.2500  0.2500  0.2500  0.0000  0.2500
0013    0.771   -2.021    0.000   0.0000   0.0000 10000A        5 ABCDE   0.0000  0.2500  0.2500  0.2500  0.2500
0014    0.663   -1.935    0.000   0.0000   0.0000 10000A        5 ABCDE   0.0000  0.2500  0.2500  0.2500  0.2500
0015    0.482   -2.931    0.000   0.0000   0.0000 10000A        5 ABCDE   0.0000  0.2500  0.2500  0.2500  0.2500
0016    0.702   -2.000    0.000   0.0000   0.0000 00010D        5 ABCDE   0.2500  0.2500  0.2500  0.0000  0.2500
0017    0.778   -1.923    0.000   0.0000   0.0000 00100C        5 ABCDE   0.2500  0.2500  0.0000  0.2500  0.2500
0018    0.682   -1.573    0.000   0.0000   0.0000 01000B        5 ABCDE   0.2500  0.0000  0.2500  0.2500  0.2500
0019    0.735   -1.454    0.000   0.0000   0.0000 00010D        5 ABCDE   0.2500  0.2500  0.2500  0.0000  0.2500
0020    0.706   -2.788    0.000   0.0000   0.0000 10000A        5 ABCDE   0.0000  0.2500  0.2500  0.2500  0.2500
0021    0.498   -1.616    0.000   0.0000   0.0000 00010D        5 ABCDE   0.2500  0.2500  0.2500  0.0000  0.2500
0022    0.730   -1.151    0.000   0.0000   0.0000 00001E        5 ABCDE   0.2500  0.2500  0.2500  0.2500  0.0000
0023    0.533   -1.473    0.000   0.0000   0.0000 10000A        5 ABCDE   0.0000  0.2500  0.2500  0.2500  0.2500
0024    0.533   -2.362    0.000   0.0000   0.0000 00001E        5 ABCDE   0.2500  0.2500  0.2500  0.2500  0.0000
0025    0.406   -1.723    0.000   0.0000   0.0000 00001E        5 ABCDE   0.2500  0.2500  0.2500  0.2500  0.0000
0026    0.588   -1.120    0.000   0.0000   0.0000 00001E        5 ABCDE   0.2500  0.2500  0.2500  0.2500  0.0000
0027    0.489   -2.664    0.000   0.0000   0.0000 00001E        5 ABCDE   0.2500  0.2500  0.2500  0.2500  0.0000
0028    0.786   -2.980    0.000   0.0000   0.0000 10000A        5 ABCDE   0.0000  0.2500  0.2500  0.2500  0.2500
0029    0.686   -1.119    0.000   0.0000   0.0000 00100C        5 ABCDE   0.2500  0.2500  0.0000  0.2500  0.2500
0030    0.542   -2.875    0.000   0.0000   0.0000 00010D        5 ABCDE   0.2500  0.2500  0.2500  0.0000  0.2500
0031    0.582   -1.076    0.000   0.0000   0.0000 01000B        5 ABCDE   0.2500  0.0000  0.2500  0.2500  0.2500
0032    0.437   -1.887    0.000   0.0000   0.0000 00001E        5 ABCDE   0.2500  0.2500  0.2500  0.2500  0.0000
0033    0.610   -2.789    0.000   0.0000   0.0000 00010D        5 ABCDE   0.2500  0.2500  0.2500  0.0000  0.2500
0034    0.695   -1.173    0.000   0.0000   0.0000 10000A        5 ABCDE   0.0000  0.2500  0.2500  0.2500  0.2500
0035    0.661   -1.318    0.000   0.0000   0.0000 00001E        5 ABCDE   0.2500  0.2500  0.2500  0.2500  0.0000
0036    0.429   -2.154    0.000   0.0000   0.0000 00010D        5 ABCDE   0.2500  0.2500  0.2500  0.0000  0.2500
0037    0.728   -2.897    0.000   0.0000   0.0000 00010D        5 ABCDE   0.2500  0.2500  0.2500  0.0000  0.2500
0038    0.484   -2.510    0.000   0.0000   0.0000 00010D        5 ABCDE   0.2500  0.2500  0.2500  0.0000  0.2500
0039    0.444   -1.023    0.000   0.0000   0.0000 00010D        5 ABCDE   0.2500  0.2500  0.2500  0.0000  0.2500
0040    0.533   -1.890    0.000   0.0000   0.0000 00001E        5 ABCDE   0.2500  0.2500  0.2500  0.2500  0.0000
0041    0.542   -1.426    0.000   0.0000   0.0000 00100C        5 ABCDE   0.2500  0.2500  0.0000  0.2500  0.2500
0042    0.710   -1.699    0.000   0.0000   0.0000 10000A        5 ABCDE   0.0000  0.2500  0.2500  0.2500  0.2500
0043    0.529   -2.924    0.000   0.0000   0.0000 00010D        5 ABCDE   0.2500  0.2500  0.2500  0.0000  0.2500
0044    0.668   -1.798    0.000   0.0000   0.0000 00100C        5 ABCDE   0.2500  0.2500  0.0000  0.2500  0.2500
0045    0.787   -2.383    0.000   0.0000   0.0000 00100C        5 ABCDE   0.2500  0.2500  0.0000  0.2500  0.2500
0046    0.741   -1.835    0.000   0.0000   0.0000 10000A        5 ABCDE   0.0000  0.2500  0.2500  0.2500  0.2500
0047    0.583   -1.149    0.000   0.0000   0.0000 00100C        5 ABCDE   0.2500  0.2500  0.0000  0.2500  0.2500
0048    0.569   -1.310    0.000   0.0000   0.0000 00100C        5 ABCDE   0.2500  0.2500  0.0000  0.2500  0.2500
0049    0.638   -1.775    0.000   0.0000   0.0000 01000B        5 ABCDE   0.2500  0.0000  0.2500  0.2500  0.2500
0050    0.459   -1.046    0.000   0.0000   0.0000 00010D        5 ABCDE   0.2500  0.2500  0.2500  0.0000  0.2500
0051    0.433   -2.550    0.000   0.0000   0.0000 00010D        5 ABCDE   0.2500  0.2500  0.2500  0.0000  0.2500
0052    0.728   -1.592    0.000   0.0000   0.0000 10000A        5 ABCDE   0.0000  0.2500  0.2500  0.2500  0.2500
0053    0.626   -2.050    0.000   0.0000   0.0000 00001E        5 ABCDE   0.2500  0.2500  0.2500  0.2500  0.0000
0054    0.623   -1.783    0.000   0.0000   0.0000 00001E        5 ABCDE   0.2500  0.2500  0.2500  0.2500  0.0000
0055    0.501   -1.901    0.000   0.0000   0.0000 00001E        5 ABCDE   0.2500  0.2500  0.2500  0.2500  0.0000
0056    0.418   -1.673    0.000   0.0000   0.0000 01000B        5 ABCDE   0.2500  0.0000  0.2500  0.2500  0.2500
0057    0.678   -2.809    0.000   0.0000   0.0000 00100C        5 ABCDE   0.2500  0.2500  0.0000  0.2500  0.2500
0058    0.449   -2.774    0.000   0.0000   0.0000 00001E        5 ABCDE   0.2500  0.2500  0.2500  0.2500  0.0000
0059    0.427   -2.578    0.000   0.0000   0.0000 10000A        5 ABCDE   0.0000  0.2500  0.2500  0.2500  0.2500
0060    0.526   -1.145    0.000   0.0000   0.0000 00010D        5 ABCDE   0.2500  0.2500  0.2500  0.0000  0.2500
0061    0.597   -1.569    0.000   0.0000   0.0000 01000B        5 ABCDE   0.2500  0.0000  0.2500  0.2500  0.2500
0062    0.729   -2.551    0.000   0.0000   0.0000 00010D        5 ABCDE   0.2500  0.2500  0.2500  0.0000  0.2500
0063    0.783   -1.352    0.000   0.0000   0.0000 00100C        5 ABCDE   0.2500  0.2500  0.0000  0.2500  0.2500
0064    0.621   -2.360    0.000   0.0000   0.0000 00100C        5 ABCDE   0.2500  0.2500  0.0000  0.2500  0.2500
0065    0.608   -1.066    0.000   0.0000   0.0000 10000A        5 ABCDE   0.0000  0.2500  0.2500  0.2500  0.2500
0066    0.740   -2.052    0.000   0.0000   0.0000 00010D        5 ABCDE   0.2500  0.2500  0.2500  0.0000  0.2500
0067    0.599   -1.388    0.000   0.0000   0.0000 00100C        5 ABCDE   0.2500  0.2500  0.0000  0.2500  0.2500
0068    0.638   -2.421    0.000   0.0000   0.0000 00010D        5 ABCDE   0.2500  0.2500  0.2500  0.0000  0.2500
0069    0.780   -2.459    0.000   0.0000   0.0000 00100C        5 ABCDE   0.2500  0.2500  0.0000  0.2500  0.2500
0070    0.427   -1.303    0.000   0.0000   0.0000 01000B        5 ABCDE   0.2500  0.0000  0.2500  0.2500  0.2500
0071    0.478   -1.001    0.000   0.0000   0.0000 01000B        5 ABCDE   0.2500  0.0000  0.2500  0.2500  0.2500
0072    0.401   -1.997    0.000   0.0000   0.0000 00100C        5 ABCDE   0.2500  0.2500  0.0000  0.2500  0.2500
0073    0.615   -1.882    0.000   0.0000   0.0000 01000B        5 ABCDE   0.2500  0.0000  0.2500  0.2500  0.2500
0074    0.534   -2.438    0.000   0.0000   0.0000 01000B        5 ABCDE   0.2500  0.0000  0.2500  0.2500  0.2500
0075    0.534   -2.140    0.000   0.0000   0.0000 00100C        5 ABCDE   0.2500  0.2500  0.0000  0.2500  0.2500
0076    0.587   -1.477    0.000   0.0000   0.0000 00100C        5 ABCDE   0.2500  0.2500  0.0000  0.2500  0.2500
0077    0.406   -2.405    0.000   0.0000   0.0000 10000A        5 ABCDE   0.0000  0.2500  0.2500  0.2500  0.2500
0078    0.747   -2.392    0.000   0.0000   0.0000 00001E        5 ABCDE   0.2500  0.2500  0.2500  0.2500  0.0000
0079    0.646   -2.949    0.000   0.0000   0.0000 01000B        5 ABCDE   0.2500  0.0000  0.2500  0.2500  0.2500
0080    0.404   -2.196    0.000   0.0000   0.0000 01000B        5 ABCDE   0.2500  0.0000  0.2500  0.2500  0.2500
0081    0.451   -2.098    0.000   0.0000   0.0000 01000B        5 ABCDE   0.2500  0.0000  0.2500  0.2500  0.2500
0082    0.655   -2.058    0.000   0.0000   0.0000 01000B        5 ABCDE   0.2500  0.0000  0.2500  0.2500  0.2500
0083    0.435   -2.189    0.000   0.0000   0.0000 00010D        5 ABCDE   0.2500  0.2500  0.2500  0.0000  0.2500
0084    0.681   -2.307    0.000   0.0000   0.0000 00010D        5 ABCDE   0.2500  0.2500  0.2500  0.0000  0.2500
0085    0.568   -1.189    0.000   0.0000   0.0000 00010D        5 ABCDE   0.2500  0.2500  0.2500  0.0000  0.2500
0086    0.779   -1.033    0.000   0.0000   0.0000 00001E        5 ABCDE   0.2500  0.2500  0.2500  0.2500  0.0000
0087    0.737   -2.173    0.000   0.0000   0.0000 00001E        5 ABCDE   0.2500  0.2500  0.2500  0.2500  0.0000
0088    0.749   -2.397    0.000   0.0000   0.0000 00010D        5 ABCDE   0.2500  0.2500  0.2500  0.0000  0.2500
0089    0.691   -2.094    0.000   0.0000   0.0000 01000B        5 ABCDE   0.2500  0.0000  0.2500  0.2500  0.2500
0090    0.427   -1.777    0.000   0.0000   0.0000 00010D        5 ABCDE   0.2500  0.2500  0.2500  0.0000  0.2500
0091    0.726   -2.289    0.000   0.0000   0.0000 00001E        5 ABCDE   0.2500  0.2500  0.2500  0.2500  0.0000
0092    0.763   -2.087    0.000   0.0000   0.0000 00001E        5 ABCDE   0.2500  0.2500  0.2500  0.2500  0.0000
0093    0.775   -1.501    0.000   0.0000   0.0000 00100C        5 ABCDE   0.2500  0.2500  0.0000  0.2500  0.2500
0094    0.768   -1.996    0.000   0.0000   0.0000 00100C        5 ABCDE   0.2500  0.2500  0.0000  0.2500  0.2500
0095    0.521   -2.629    0.000   0.0000   0.0000 10000A        5 ABCDE   0.0000  0.2500  0.2500  0.2500  0.2500
0096    0.690   -2.456    0.000   0.0000   0.0000 01000B        5 ABCDE   0.2500  0.0000  0.2500  0.2500  0.2500
0097    0.735   -1.892    0.000   0.0000   0.0000 10000A        5 ABCDE   0.0000  0.2500  0.2500  0.2500  0.2500
0098    0.539   -2.496    0.000   0.0000   0.0000 10000A        5 ABCDE   0.0000  0.2500  0.2500  0.2500  0.2500
0099    0.762   -2.803    0.000   0.0000   0.0000 00100C        5 ABCDE   0.2500  0.2500  0.0000  0.2500  0.2500
0100    0.455   -1.744    0.000   0.0000   0.0000 01000B        5 ABCDE   0.2500  0.0000  0.2500  0.2500  0.2500
0101    0.579   -1.468    0.000   0.0000   0.0000 00001E        5 ABCDE   0.2500  0.2500  0.2500  0.2500  0.0000
0102    0.617   -2.994    0.000   0.0000   0.0000 10000A        5 ABCDE   0.0000  0.2500  0.2500  0.2500  0.2500
0103    0.661   -2.832    0.000   0.0000   0.0000 10000A        5 ABCDE   0.0000  0.2500  0.2500  0.2500  0.2500
0104    0.757   -1.374    0.000   0.0000   0.0000 01000B        5 ABCDE   0.2500  0.0000  0.2500  0.2500  0.2500
0105    0.713   -2.042    0.000   0.0000   0.0000 00010D        5 ABCDE   0.2500  0.2500  0.2500  0.0000  0.2500
0106    0.557   -2.648    0.000   0.0000   0.0000 00100C        5 ABCDE   0.2500  0.2500  0.0000  0.2500  0.2500
0107    0.458   -1.870    0.000   0.0000   0.0000 00010D        5 ABCDE   0.2500  0.2500  0.2500  0.0000  0.2500
0108    0.497   -1.181    0.000   0.0000   0.0000 01000B        5 ABCDE   0.2500  0.0000  0.2500  0.2500  0.2500
0109    0.675   -2.869    0.000   0.0000   0.0000 01000B        5 ABCDE   0.2500  0.0000  0.2500  0.2500  0.2500
0110    0.455   -1.197    0.000   0.0000   0.0000 00010D        5 ABCDE   0.2500  0.2500  0.2500  0.0000  0.2500
0111    0.645   -1.315    0.000   0.0000   0.0000 00010D        5 ABCDE   0.2500  0.2500  0.2500  0.0000  0.2500
0112    0.652   -2.870    0.000   0.0000   0.0000 00100C        5 ABCDE   0.2500  0.2500  0.0000  0.2500  0.2500
0113    0.696   -1.510    0.000   0.0000   0.0000 01000B        5 ABCDE   0.2500  0.0000  0.2500  0.2500  0.2500
0114    0.592   -1.401    0.000   0.0000   0.0000 00001E        5 ABCDE   0.2500  0.2500  0.2500  0.2500  0.0000
0115    0.410   -1.290    0.000   0.0000   0.0000 00001E        5 ABCDE   0.2500  0.2500  0.2500  0.2500  0.0000
0116    0.593   -2.846    0.000   0.0000   0.0000 00100C        5 ABCDE   0.2500  0.2500  0.0000  0.2500  0.2500
0117    0.748   -1.951    0.000   0.0000   0.0000 00001E        5 ABCDE   0.2500  0.2500  0.2500  0.2500  0.0000
0118    0.435   -1.204    0.000   0.0000   0.0000 10000A        5 ABCDE   0.0000  0.2500  0.2500  0.2500  0.2500
0119    0.658   -1.472    0.000   0.0000   0.0000 00100C        5 ABCDE   0.2500  0.2500  0.0000  0.2500  0.2500
0120    0.684   -1.174    0.000   0.0000   0.0000 00001E        5 ABCDE   0.2500  0.2500  0.2500  0.2500  0.0000
0121    0.500   -1.546    0.000   0.0000   0.0000 00100C        5 ABCDE   0.2500  0.2500  0.0000  0.2500  0.2500
0122    0.664   -1.800    0.000   0.0000   0.0000 00010D        5 ABCDE   0.2500  0.2500  0.2500  0.0000  0.2500
0123    0.704   -2.983    0.000   0.0000   0.0000 01000B        5 ABCDE   0.2500  0.0000  0.2500  0.2500  0.2500
0124    0.580   -2.799    0.000   0.0000   0.0000 00001E        5 ABCDE   0.2500  0.2500  0.2500  0.2500  0.0000
0125    0.754   -1.274    0.000   0.0000   0.0000 01000B        5 ABCDE   0.2500  0.0000  0.2500  0.2500  0.2500
0126    0.569   -2.879    0.000   0.0000   0.0000 10000A        5 ABCDE   0.0000  0.2500  0.2500  0.2500  0.2500
0127    0.689   -2.435    0.000   0.0000   0.0000 00001E        5 ABCDE   0.2500  0.2500  0.2500  0.2500  0.0000
0128    0.648   -1.838    0.000   0.0000   0.0000 00010D        5 ABCDE   0.2500  0.2500  0.2500  0.0000  0.2500
0129    0.509   -2.636    0.000   0.0000   0.0000 10000A        5 ABCDE   0.0000  0.2500  0.2500  0.2500  0.2500
0130    0.630   -1.271    0.000   0.0000   0.0000 00001E        5 ABCDE   0.2500  0.2500  0.2500  0.2500  0.0000
0131    0.571   -1.874    0.000   0.0000   0.0000 00001E        5 ABCDE   0.2500  0.2500  0.2500  0.2500  0.0000
0132    0.573   -1.350    0.000   0.0000   0.0000 01000B        5 ABCDE   0.2500  0.0000  0.2500  0.2500  0.2500
0133    0.444   -1.811    0.000   0.0000   0.0000 00001E        5 ABCDE   0.2500  0.2500  0.2500  0.2500  0.0000
0134    0.563   -1.723    0.000   0.0000   0.0000 01000B        5 ABCDE   0.2500  0.0000  0.2500  0.2500  0.2500
0135    0.751   -2.386    0.000   0.0000   0.0000 10000A        5 ABCDE   0.0000  0.2500  0.2500  0.2500  0.2500
0136    0.578   -2.138    0.000   0.0000   0.0000 00001E        5 ABCDE   0.2500  0.2500  0.2500  0.2500  0.0000
0137    0.407   -1.570    0.000   0.0000   0.0000 00010D        5 ABCDE   0.2500  0.2500  0.2500  0.0000  0.2500
0138    0.728   -1.192    0.000   0.0000   0.0000 00001E        5 ABCDE   0.2500  0.2500  0.2500  0.2500  0.0000
0139    0.538   -1.947    0.000   0.0000   0.0000 10000A        5 ABCDE   0.0000  0.2500  0.2500  0.2500  0.2500
0140    0.494   -2.393    0.000   0.0000   0.0000 00100C        5 ABCDE   0.2500  0.2500  0.0000  0.2500  0.2500
0141    0.587   -2.714    0.000   0.0000   0.0000 00100C        5 ABCDE   0.2500  0.2500  0.0000  0.2500  0.2500
0142    0.572   -1.650    0.000   0.0000   0.0000 01000B        5 ABCDE   0.2500  0.0000  0.2500  0.2500  0.2500
0143    0.608   -1.158    0.000   0.0000   0.0000 01000B        5 ABCDE   0.2500  0.0000  0.2500  0.2500  0.2500
0144    0.697   -1.110    0.000   0.0000   0.0000 00010D        5 ABCDE   0.2500  0.2500  0.2500  0.0000  0.2500
0145    0.455   -1.600    0.000   0.0000   0.0000 00001E        5 ABCDE   0.2500  0.2500  0.2500  0.2500  0.0000
0146    0.692   -2.515    0.000   0.0000   0.0000 00010D        5 ABCDE   0.2500  0.2500  0.2500  0.0000  0.2500
0147    0.416   -1.375    0.000   0.0000   0.0000 00100C        5 ABCDE   0.2500  0.2500  0.0000  0.2500  0.2500
0148    0.666   -2.683    0.000   0.0000   0.0000 10000A        5 ABCDE   0.0000  0.2500  0.2500  0.2500  0.2500
0149    0.491   -1.211    0.000   0.0000   0.0000 10000A        5 ABCDE   0.0000  0.2500  0.2500  0.2500  0.2500
0150    0.632   -1.446    0.000   0.0000   0.0000 01000B        5 ABCDE   0.2500  0.0000  0.2500  0.2500  0.2500
0151    0.656   -1.919    0.000   0.0000   0.0000 10000A        5 ABCDE   0.0000  0.2500  0.2500  0.2500  0.2500
0152    0.787   -1.496    0.000   0.0000   0.0000 00100C        5 ABCDE   0.2500  0.2500  0.0000  0.2500  0.2500
0153    0.669   -2.819    0.000   0.0000   0.0000 10000A        5 ABCDE   0.0000  0.2500  0.2500  0.2500  0.2500
0154    0.651   -2.270    0.000   0.0000   0.0000 01000B        5 ABCDE   0.2500  0.0000  0.2500  0.2500  0.2500
0155    0.711   -1.538    0.000   0.0000   0.0000 01000B        5 ABCDE   0.2500  0.0000  0.2500  0.2500  0.2500
0156    0.618   -1.912    0.000   0.0000   0.0000 10000A        5 ABCDE   0.0000  0.2500  0.2500  0.2500  0.2500
0157    0.600   -2.297    0.000   0.0000   0.0000 01000B        5 ABCDE   0.2500  0.0000  0.2500  0.2500  0.2500
0158    0.748   -2.862    0.000   0.0000   0.0000 00100C        5 ABCDE   0.2500  0.2500  0.0000  0.2500  0.2500
0159    0.438   -2.856    0.000   0.0000   0.0000 00100C        5 ABCDE   0.2500  0.2500  0.0000  0.2500  0.2500
0160    0.417   -2.556    0.000   0.0000   0.0000 00100C        5 ABCDE   0.2500  0.2500  0.0000  0.2500  0.2500
0161    0.549   -2.400    0.000   0.0000   0.0000 00001E        5 ABCDE   0.2500  0.2500  0.2500  0.2500  0.0000
0162    0.508   -1.517    0.000   0.0000   0.0000 00001E        5 ABCDE   0.2500  0.2500  0.2500  0.2500  0.0000
0163    0.716   -2.603    0.000   0.0000   0.0000 01000B        5 ABCDE   0.2500  0.0000  0.2500  0.2500  0.2500
0164    0.706   -2.400    0.000   0.0000   0.0000 00010D        5 ABCDE   0.2500  0.2500  0.2500  0.0000  0.2500
0165    0.453   -1.941    0.000   0.0000   0.0000 00100C        5 ABCDE   0.2500  0.2500  0.0000  0.2500  0.2500
0166    0.769   -1.814    0.000   0.0000   0.0000 00100C        5 ABCDE   0.2500  0.2500  0.0000  0.2500  0.2500
0167    0.756   -1.439    0.000   0.0000   0.0000 00010D        5 ABCDE   0.2500  0.2500  0.2500  0.0000  0.2500
0168    0.765   -1.183    0.000   0.0000   0.0000 00100C        5 ABCDE   0.2500  0.2500  0.0000  0.2500  0.2500
0169    0.593   -2.491    0.000   0.0000   0.0000 01000B        5 ABCDE   0.2500  0.0000  0.2500  0.2500  0.2500
0170    0.504   -2.102    0.000   0.0000   0.0000 00100C        5 ABCDE   0.2500  0.2500  0.0000  0.2500  0.2500
0171    0.429   -2.764    0.000   0.0000   0.0000 00100C        5 ABCDE   0.2500  0.2500  0.0000  0.2500  0.2500
0172    0.604   -1.017    0.000   0.0000   0.0000 10000A        5 ABCDE   0.0000  0.2500  0.2500  0.2500  0.2500
0173    0.603   -1.793    0.000   0.0000   0.0000 10000A        5 ABCDE   0.0000  0.2500  0.2500  0.2500  0.2500
0174    0.477   -2.901    0.000   0.0000   0.0000 00100C        5 ABCDE   0.2500  0.2500  0.0000  0.2500  0.2500
0175    0.547   -1.853    0.000   0.0000   0.0000 00100C        5 ABCDE   0.2500  0.2500  0.0000  0.2500  0.2500
0176    0.718   -2.826    0.000   0.0000   0.0000 00001E        5 ABCDE   0.2500  0.2500  0.2500  0.2500  0.0000
0177    0.586   -2.434    0.000   0.0000   0.0000 00001E        5 ABCDE   0.2500  0.2500  0.2500  0.2500  0.0000
0178    0.415   -2.124    0.000   0.0000   0.0000 10000A        5 ABCDE   0.0000  0.2500  0.2500  0.2500  0.2500
0179    0.528   -1.187    0.000   0.0000   0.0000 00001E        5 ABCDE   0.2500  0.2500  0.2500  0.2500  0.0000
0180    0.634   -1.368    0.000   0.0000   0.0000 00100C        5 ABCDE   0.2500  0.2500  0.0000  0.2500  0.2500

Item descriptives
A: Mean =    0.603   SD =     0.1133
B: Mean =   -1.972   SD =     0.5895
C: Mean =    0.      SD =     0.    


Item Exposure, Omits, and Not Reached
Item    N-Valid N(Omit)    N(NR)  Opt(1)  Opt(2)  Opt(3)  Opt(4)  Opt(5)   Total
0001     5000        0        0   3848*    267     287     281     317      5000
0002     5000        0        0   3680*    316     328     340     336      5000
0003     5000        0        0   4220*    193     204     198     185      5000
0004     5000        0        0    304     314     276     308    3798*     5000
0005     5000        0        0   3729*    328     317     314     312      5000
0006     5000        0        0    188    4259*    166     207     180      5000
0007     5000        0        0    174    4305*    160     183     178      5000
0008     5000        0        0   4567*    118      98     110     107      5000
0009     5000        0        0     62    4737*     61      71      69      5000
0010     5000        0        0    135     136     130    4463*    136      5000
0011     5000        0        0   4771*     57      58      58      56      5000
0012     5000        0        0    283     291     313    3825*    288      5000
0013     5000        0        0   4454*    142     137     138     129      5000
0014     5000        0        0   4306*    158     168     191     177      5000
0015     5000        0        0   4468*    132     131     133     136      5000
0016     5000        0        0    173     150     166    4344*    167      5000
0017     5000        0        0    174     156    4339*    174     157      5000
0018     5000        0        0    221    4099*    224     224     232      5000
0019     5000        0        0    207     257     243    4064*    229      5000
0020     5000        0        0   4711*     59      76      88      66      5000
0021     5000        0        0    277     286     270    3889*    278      5000
0022     5000        0        0    313     308     297     309    3773*     5000
0023     5000        0        0   3788*    326     302     293     291      5000
0024     5000        0        0    171     165     187     165    4312*     5000
0025     5000        0        0    313     324     315     310    3738*     5000
0026     5000        0        0    333     328     372     363    3604*     5000
0027     5000        0        0    148     146     167     150    4389*     5000
0028     5000        0        0   4816*     43      47      49      45      5000
0029     5000        0        0    359     353    3647*    308     333      5000
0030     5000        0        0    123      88     101    4577*    111      5000
0031     5000        0        0    347    3560*    401     348     344      5000
0032     5000        0        0    283     282     285     282    3868*     5000
0033     5000        0        0    102      79      96    4629*     94      5000
0034     5000        0        0   3761*    309     290     316     324      5000
0035     5000        0        0    251     312     294     281    3862*     5000
0036     5000        0        0    222     273     260    3990*    255      5000
0037     5000        0        0     58      56      55    4784*     47      5000
0038     5000        0        0    192     175     153    4295*    185      5000
0039     5000        0        0    427     400     394    3385*    394      5000
0040     5000        0        0    204     226     230     228    4112*     5000
0041     5000        0        0    323     308    3748*    298     323      5000
0042     5000        0        0   4223*    186     197     209     185      5000
0043     5000        0        0    106     115     123    4564*     92      5000
0044     5000        0        0    193     217    4192*    193     205      5000
0045     5000        0        0    107     102    4617*     77      97      5000
0046     5000        0        0   4322*    180     158     176     164      5000
0047     5000        0        0    348     360    3593*    340     359      5000
0048     5000        0        0    310     333    3739*    310     308      5000
0049     5000        0        0    191    4153*    219     223     214      5000
0050     5000        0        0    405     422     408    3345*    420      5000
0051     5000        0        0    195     193     205    4215*    192      5000
0052     5000        0        0   4132*    235     220     212     201      5000
0053     5000        0        0    175     181     179     187    4278*     5000
0054     5000        0        0    205     228     198     251    4118*     5000
0055     5000        0        0    246     231     259     266    3998*     5000
0056     5000        0        0    311    3733*    322     318     316      5000
0057     5000        0        0     72      84    4660*    100      84      5000
0058     5000        0        0    162     158     172     156    4352*     5000
0059     5000        0        0   4237*    202     195     183     183      5000
0060     5000        0        0    338     364     378    3548*    372      5000
0061     5000        0        0    238    3983*    282     224     273      5000
0062     5000        0        0     87      82      68    4672*     91      5000
0063     5000        0        0    228     262    4018*    233     259      5000
0064     5000        0        0    145     124    4455*    141     135      5000
0065     5000        0        0   3632*    334     342     338     354      5000
0066     5000        0        0    138     167     147    4413*    135      5000
0067     5000        0        0    299     271    3860*    300     270      5000
0068     5000        0        0    117     119     128    4507*    129      5000
0069     5000        0        0     78      86    4673*     73      90      5000
0070     5000        0        0    375    3550*    366     358     351      5000
0071     5000        0        0    381    3409*    408     394     408      5000
0072     5000        0        0    275     301    3862*    277     285      5000
0073     5000        0        0    185    4193*    212     195     215      5000
0074     5000        0        0    154    4367*    164     158     157      5000
0075     5000        0        0    204     194    4204*    188     210      5000
0076     5000        0        0    290     258    3912*    268     272      5000
0077     5000        0        0   4085*    248     224     203     240      5000
0078     5000        0        0     72     105      99      83    4641*     5000
0079     5000        0        0     63    4733*     70      70      64      5000
0080     5000        0        0    249    3982*    283     252     234      5000
0081     5000        0        0    253    4015*    249     257     226      5000
0082     5000        0        0    189    4333*    168     153     157      5000
0083     5000        0        0    223     255     231    4033*    258      5000
0084     5000        0        0    138     133     133    4468*    128      5000
0085     5000        0        0    348     372     339    3586*    355      5000
0086     5000        0        0    282     309     319     344    3746*     5000
0087     5000        0        0    134     119     132     131    4484*     5000
0088     5000        0        0     92     103      96    4600*    109      5000
0089     5000        0        0    142    4412*    154     128     164      5000
0090     5000        0        0    311     304     264    3788*    333      5000
0091     5000        0        0    108     124     120     121    4527*     5000
0092     5000        0        0    137     132     132     135    4464*     5000
0093     5000        0        0    226     206    4091*    227     250      5000
0094     5000        0        0    146     161    4374*    176     143      5000
0095     5000        0        0   4409*    137     148     141     165      5000
0096     5000        0        0    109    4579*    114      98     100      5000
0097     5000        0        0   4315*    173     178     160     174      5000
0098     5000        0        0   4433*    146     141     129     151      5000
0099     5000        0        0     65      68    4742*     68      57      5000
0100     5000        0        0    299    3882*    265     287     267      5000
0101     5000        0        0    282     286     312     304    3816*     5000
0102     5000        0        0   4661*     74      90      96      79      5000
0103     5000        0        0   4704*     76      69      71      80      5000
0104     5000        0        0    238    4011*    256     260     235      5000
0105     5000        0        0    164     143     169    4381*    143      5000
0106     5000        0        0    121     143    4487*    127     122      5000
0107     5000        0        0    265     253     274    3915*    293      5000
0108     5000        0        0    380    3529*    363     339     389      5000
0109     5000        0        0     79    4724*     70      67      60      5000
0110     5000        0        0    389     401     415    3409*    386      5000
0111     5000        0        0    303     296     285    3816*    300      5000
0112     5000        0        0     76      78    4685*     67      94      5000
0113     5000        0        0    247    4015*    244     245     249      5000
0114     5000        0        0    302     298     320     281    3799*     5000
0115     5000        0        0    396     362     418     420    3404*     5000
0116     5000        0        0    107      92    4594*    100     107      5000
0117     5000        0        0    157     158     145     165    4375*     5000
0118     5000        0        0   3427*    404     419     362     388      5000
0119     5000        0        0    254     262    3950*    286     248      5000
0120     5000        0        0    315     324     315     331    3715*     5000
0121     5000        0        0    325     327    3725*    309     314      5000
0122     5000        0        0    206     231     207    4162*    194      5000
0123     5000        0        0     52    4746*     61      60      81      5000
0124     5000        0        0    120      99     107      99    4575*     5000
0125     5000        0        0    278    3899*    262     286     275      5000
0126     5000        0        0   4599*    100     111      94      96      5000
0127     5000        0        0    124     106      99     119    4552*     5000
0128     5000        0        0    183     182     196    4221*    218      5000
0129     5000        0        0   4412*    177     145     128     138      5000
0130     5000        0        0    330     318     313     317    3722*     5000
0131     5000        0        0    241     228     216     229    4086*     5000
0132     5000        0        0    293    3772*    305     315     315      5000
0133     5000        0        0    258     294     287     312    3849*     5000
0134     5000        0        0    235    4023*    252     241     249      5000
0135     5000        0        0   4636*    105      78      98      83      5000
0136     5000        0        0    189     189     175     182    4265*     5000
0137     5000        0        0    344     335     326    3656*    339      5000
0138     5000        0        0    335     269     302     295    3799*     5000
0139     5000        0        0   4094*    233     207     241     225      5000
0140     5000        0        0    149     178    4333*    183     157      5000
0141     5000        0        0     99     127    4532*    136     106      5000
0142     5000        0        0    239    4015*    234     246     266      5000
0143     5000        0        0    338    3650*    330     314     368      5000
0144     5000        0        0    330     323     338    3680*    329      5000
0145     5000        0        0    333     321     311     314    3721*     5000
0146     5000        0        0    101     104      93    4605*     97      5000
0147     5000        0        0    363     397    3489*    365     386      5000
0148     5000        0        0   4617*    101      94      93      95      5000
0149     5000        0        0   3570*    352     369     349     360      5000
0150     5000        0        0    258    3920*    272     273     277      5000
0151     5000        0        0   4291*    183     188     165     173      5000
0152     5000        0        0    227     237    4111*    210     215      5000
0153     5000        0        0   4675*     84      75      81      85      5000
0154     5000        0        0    150    4463*    120     133     134      5000
0155     5000        0        0    225    4096*    199     253     227      5000
0156     5000        0        0   4200*    199     206     188     207      5000
0157     5000        0        0    133    4423*    139     149     156      5000
0158     5000        0        0     72      55    4753*     52      68      5000
0159     5000        0        0    134     169    4374*    164     159      5000
0160     5000        0        0    218     214    4164*    215     189      5000
0161     5000        0        0    168     151     157     131    4393*     5000
0162     5000        0        0    307     357     293     287    3756*     5000
0163     5000        0        0     79    4669*    105      65      82      5000
0164     5000        0        0     99      99     113    4597*     92      5000
0165     5000        0        0    246     250    4006*    268     230      5000
0166     5000        0        0    188     165    4310*    154     183      5000
0167     5000        0        0    268     253     233    3996*    250      5000
0168     5000        0        0    311     292    3814*    297     286      5000
0169     5000        0        0    122    4455*    154     141     128      5000
0170     5000        0        0    218     212    4139*    231     200      5000
0171     5000        0        0    181     170    4338*    163     148      5000
0172     5000        0        0   3495*    394     376     382     353      5000
0173     5000        0        0   4164*    205     225     189     217      5000
0174     5000        0        0    143     153    4434*    119     151      5000
0175     5000        0        0    224     247    4086*    230     213      5000
0176     5000        0        0     76      66      71      70    4717*     5000
0177     5000        0        0    141     147     148     110    4454*     5000
0178     5000        0        0   3997*    241     256     249     257      5000
0179     5000        0        0    335     354     396     350    3565*     5000
0180     5000        0        0    285     280    3862*    271     302      5000
 5000  raw responses saved to Onder_80Items.DAT
 5000  scored responses saved to Onder_80Items.RSP
 180  item records saved to Onder_80Items.ITM
Mean(Theta)=     0.0033
SD(Theta)  =     1.0087
Min(Theta) =    -3.0010
Max(Theta) =     3.0060

Mean(X)=   149.4208
SD(X)  =    23.2124
Min(X) =    37.0000
Max(X) =   180.0000
